{"level":"error","message":"Remote request failed: Error: Request failed with status code 401"}
{"level":"error","message":"Request processing error: Error: Request failed with status code 401"}
{"level":"error","message":"Retrying get for undefined (undefined).. "}
{"level":"error","message":"Remote request failed: Error: Request failed with status code 401"}
{"level":"error","message":"Request processing error: Error: Request failed with status code 401"}
{"level":"error","message":"Retrying get for undefined (undefined).. "}
{"level":"error","message":"Remote request failed: Error: Request failed with status code 401"}
{"level":"error","message":"Request processing error: Error: Request failed with status code 401"}
{"level":"error","message":"Retrying get for undefined (undefined).. "}
{"level":"error","message":"Remote request failed: Error: Request failed with status code 401"}
{"level":"error","message":"Request processing error: Error: Request failed with status code 401"}
{"level":"error","message":"Retrying get for undefined (undefined).. "}
{"level":"error","message":"Remote request failed: Error: Request failed with status code 401"}
{"level":"error","message":"Request processing error: Error: Request failed with status code 401"}
{"level":"error","message":"Retrying get for undefined (undefined).. "}
{"level":"error","message":"Error processing request: Error: getaddrinfo EAI_AGAIN bigml.io. Retrying."}
{"level":"error","message":"Remote request failed: Error: Request failed with status code 401"}
{"level":"error","message":"Request processing error: Error: Request failed with status code 401"}
{"level":"error","message":"Retrying get for undefined (undefined).. "}
{"level":"error","message":"Remote request failed: Error: Request failed with status code 401"}
{"level":"error","message":"Request processing error: Error: Request failed with status code 401"}
{"level":"error","message":"Retrying get for undefined (undefined).. "}
{"level":"error","message":"Remote request failed: Error: Request failed with status code 401"}
{"level":"error","message":"Request processing error: Error: Request failed with status code 401"}
{"level":"error","message":"Retrying get for undefined (undefined).. "}
{"level":"error","message":"Remote request failed: Error: Request failed with status code 401"}
{"level":"error","message":"Request processing error: Error: Request failed with status code 401"}
{"level":"error","message":"Retrying get for undefined (undefined).. "}
{"level":"error","message":"Remote request failed: Error: Request failed with status code 401"}
{"level":"error","message":"Request processing error: Error: Request failed with status code 401"}
{"level":"error","message":"Retrying get for undefined (undefined).. "}
{"level":"error","message":"Remote request failed: Error: Request failed with status code 401"}
{"level":"error","message":"Request processing error: Error: Request failed with status code 401"}
{"level":"error","message":"Retrying get for undefined (undefined).. "}
{"level":"error","message":"Remote request failed: Error: Request failed with status code 401"}
{"level":"error","message":"Request processing error: Error: Request failed with status code 401"}
{"level":"error","message":"Retrying get for undefined (undefined).. "}
{"level":"error","message":"Remote request failed: Error: Request failed with status code 401"}
{"level":"error","message":"Request processing error: Error: Request failed with status code 401"}
{"level":"error","message":"Retrying get for undefined (undefined).. "}
{"level":"error","message":"Remote request failed: Error: Request failed with status code 401"}
{"level":"error","message":"Request processing error: Error: Request failed with status code 401"}
{"level":"error","message":"Retrying get for undefined (undefined).. "}
{"level":"error","message":"Error processing request: Error: Request failed with status code 401. Retrying."}
{"level":"error","message":"Error processing request: Error: Request failed with status code 401. Retrying."}
{"level":"error","message":"Error processing request: Error: Request failed with status code 401. Retrying."}
{"level":"error","message":"Remote request failed: Error: Request failed with status code 401"}
{"level":"error","message":"Request processing error: Error: Request failed with status code 401"}
{"level":"error","message":"Retrying get for undefined (undefined).. "}
{"level":"error","message":"Remote request failed: Error: Request failed with status code 401"}
{"level":"error","message":"Request processing error: Error: Request failed with status code 401"}
{"level":"error","message":"Retrying get for undefined (undefined).. "}
{"level":"error","message":"Remote request failed: Error: Request failed with status code 401"}
{"level":"error","message":"Request processing error: Error: Request failed with status code 401"}
{"level":"error","message":"Retrying get for undefined (undefined).. "}
{"level":"error","message":"Error processing request: TypeError [ERR_HTTP_INVALID_HEADER_VALUE]: Invalid value \"undefined\" for header \"content-length\". Retrying."}
{"level":"error","message":"Error processing request: TypeError [ERR_HTTP_INVALID_HEADER_VALUE]: Invalid value \"undefined\" for header \"content-length\". Retrying."}
{"level":"error","message":"Error processing request: TypeError [ERR_HTTP_INVALID_HEADER_VALUE]: Invalid value \"undefined\" for header \"content-length\". Retrying."}
{"level":"error","message":"Error processing request: TypeError [ERR_HTTP_INVALID_HEADER_VALUE]: Invalid value \"undefined\" for header \"content-length\". Retrying."}
{"level":"error","message":"Error processing request: TypeError [ERR_HTTP_INVALID_HEADER_VALUE]: Invalid value \"undefined\" for header \"content-length\". Retrying."}
{"level":"error","message":"Error processing request: TypeError [ERR_HTTP_INVALID_HEADER_VALUE]: Invalid value \"undefined\" for header \"content-length\". Retrying."}
{"date":"Fri Sep 09 2022 20:57:12 GMT+0300 (שעון ישראל (קיץ))","error":{},"exception":true,"level":"error","message":"uncaughtException: Unexpected identifier\nnode run ./app_ai.js\n     ^^^\n\nSyntaxError: Unexpected identifier\n","os":{"loadavg":[0,0,0],"uptime":755},"process":{"argv":["C:\\Program Files\\nodejs\\node.exe"],"cwd":"C:\\Users\\elad1\\Desktop\\Cloud Services - Final Project","execPath":"C:\\Program Files\\nodejs\\node.exe","gid":null,"memoryUsage":{"arrayBuffers":83395,"external":1467503,"heapTotal":38649856,"heapUsed":34941872,"rss":63004672},"pid":8488,"uid":null,"version":"v16.13.0"},"stack":"node run ./app_ai.js\n     ^^^\n\nSyntaxError: Unexpected identifier\n","trace":[]}
{"level":"error","message":"Error processing request: TypeError [ERR_HTTP_INVALID_HEADER_VALUE]: Invalid value \"undefined\" for header \"content-length\". Retrying."}
{"date":"Fri Sep 09 2022 20:59:22 GMT+0300 (שעון ישראל (קיץ))","error":{},"exception":true,"level":"error","message":"uncaughtException: Unexpected identifier\nnode run app_ai.js\n     ^^^\n\nSyntaxError: Unexpected identifier\n","os":{"loadavg":[0,0,0],"uptime":884},"process":{"argv":["C:\\Program Files\\nodejs\\node.exe"],"cwd":"C:\\Users\\elad1\\Desktop\\Cloud Services - Final Project","execPath":"C:\\Program Files\\nodejs\\node.exe","gid":null,"memoryUsage":{"arrayBuffers":91586,"external":1467427,"heapTotal":37863424,"heapUsed":35352504,"rss":62300160},"pid":12356,"uid":null,"version":"v16.13.0"},"stack":"node run app_ai.js\n     ^^^\n\nSyntaxError: Unexpected identifier\n","trace":[]}
{"level":"error","message":"Error processing request: TypeError [ERR_HTTP_INVALID_HEADER_VALUE]: Invalid value \"undefined\" for header \"content-length\". Retrying."}
{"level":"error","message":"Error processing request: TypeError [ERR_HTTP_INVALID_HEADER_VALUE]: Invalid value \"undefined\" for header \"content-length\". Retrying."}
{"level":"error","message":"Error processing request: TypeError [ERR_HTTP_INVALID_HEADER_VALUE]: Invalid value \"undefined\" for header \"content-length\". Retrying."}
{"level":"error","message":"Error processing request: TypeError [ERR_HTTP_INVALID_HEADER_VALUE]: Invalid value \"undefined\" for header \"content-length\". Retrying."}
{"level":"error","message":"Error processing request: TypeError [ERR_HTTP_INVALID_HEADER_VALUE]: Invalid value \"undefined\" for header \"content-length\". Retrying."}
{"level":"error","message":"Error processing request: TypeError [ERR_HTTP_INVALID_HEADER_VALUE]: Invalid value \"undefined\" for header \"content-length\". Retrying."}
{"date":"Fri Sep 09 2022 21:31:37 GMT+0300 (שעון ישראל (קיץ))","process":{"pid":12028,"uid":null,"gid":null,"cwd":"C:\\Users\\elad1\\Desktop\\Cloud Services - Final Project","execPath":"C:\\Program Files\\nodejs\\node.exe","version":"v16.13.0","argv":["C:\\Program Files\\nodejs\\node.exe","C:\\Users\\elad1\\Desktop\\Cloud Services - Final Project\\app_ai.js"],"memoryUsage":{"rss":112746496,"heapTotal":81281024,"heapUsed":47021952,"external":19815198,"arrayBuffers":18391530}},"os":{"loadavg":[0,0,0],"uptime":2819},"trace":[],"stack":["Error: ENOENT: no such file or directory, open 'C:\\Users\\elad1\\Desktop\\Cloud Services - Final Project\\demoA'"],"level":"error","message":"uncaughtException: ENOENT: no such file or directory, open 'C:\\Users\\elad1\\Desktop\\Cloud Services - Final Project\\demoA'","timestamp":"2022-09-09T18:31:37.284Z"}
{"code":401,"status":{"code":-1100,"message":"Unauthorized access"},"level":"error","message":"","timestamp":"2022-09-09T18:32:22.550Z"}
{"level":"error","message":"{\"status\":{\"code\":401,\"message\":\"Unauthorized access: undefined\"}}","timestamp":"2022-09-09T18:32:22.865Z"}
{"code":401,"status":{"code":-1100,"message":"Unauthorized access"},"level":"error","message":"","timestamp":"2022-09-09T18:33:59.219Z"}
{"level":"error","message":"{\"status\":{\"code\":401,\"message\":\"Unauthorized access: undefined\"}}","timestamp":"2022-09-09T18:33:59.563Z"}
{"code":401,"status":{"code":-1100,"message":"Unauthorized access"},"level":"error","message":"","timestamp":"2022-09-09T18:34:52.396Z"}
{"level":"error","message":"{\"status\":{\"code\":401,\"message\":\"Unauthorized access: undefined\"}}","timestamp":"2022-09-09T18:34:52.705Z"}
{"code":401,"status":{"code":-1100,"message":"Unauthorized access"},"level":"error","message":"","timestamp":"2022-09-09T18:35:41.009Z"}
{"level":"error","message":"{\"status\":{\"code\":401,\"message\":\"Unauthorized access: undefined\"}}","timestamp":"2022-09-09T18:35:41.336Z"}
{"message":"dataset.createAndWait is not a function","stack":"TypeError: dataset.createAndWait is not a function\n    at C:\\Users\\elad1\\Desktop\\Cloud Services - Final Project\\app_ai.js:562:25\n    at Object.requestResponse (C:\\Users\\elad1\\Desktop\\Cloud Services - Final Project\\node_modules\\bigml\\lib\\utils.js:311:16)\n    at Request._callback (C:\\Users\\elad1\\Desktop\\Cloud Services - Final Project\\node_modules\\bigml\\lib\\Source.js:115:22)\n    at Request.self.callback (C:\\Users\\elad1\\Desktop\\Cloud Services - Final Project\\node_modules\\bigml\\node_modules\\request\\request.js:185:22)\n    at Request.emit (node:events:390:28)\n    at Request.<anonymous> (C:\\Users\\elad1\\Desktop\\Cloud Services - Final Project\\node_modules\\bigml\\node_modules\\request\\request.js:1154:10)\n    at Request.emit (node:events:390:28)\n    at IncomingMessage.<anonymous> (C:\\Users\\elad1\\Desktop\\Cloud Services - Final Project\\node_modules\\bigml\\node_modules\\request\\request.js:1076:12)\n    at Object.onceWrapper (node:events:509:28)\n    at IncomingMessage.emit (node:events:402:35)","level":"error","timestamp":"2022-09-09T18:39:20.221Z"}
{"message":"dataset.createAndWait is not a function","stack":"TypeError: dataset.createAndWait is not a function\n    at C:\\Users\\elad1\\Desktop\\Cloud Services - Final Project\\app_ai.js:562:25\n    at Object.requestResponse (C:\\Users\\elad1\\Desktop\\Cloud Services - Final Project\\node_modules\\bigml\\lib\\utils.js:311:16)\n    at Request._callback (C:\\Users\\elad1\\Desktop\\Cloud Services - Final Project\\node_modules\\bigml\\lib\\Source.js:115:22)\n    at Request.self.callback (C:\\Users\\elad1\\Desktop\\Cloud Services - Final Project\\node_modules\\bigml\\node_modules\\request\\request.js:185:22)\n    at Request.emit (node:events:390:28)\n    at Request.<anonymous> (C:\\Users\\elad1\\Desktop\\Cloud Services - Final Project\\node_modules\\bigml\\node_modules\\request\\request.js:1154:10)\n    at Request.emit (node:events:390:28)\n    at IncomingMessage.<anonymous> (C:\\Users\\elad1\\Desktop\\Cloud Services - Final Project\\node_modules\\bigml\\node_modules\\request\\request.js:1076:12)\n    at Object.onceWrapper (node:events:509:28)\n    at IncomingMessage.emit (node:events:402:35)","level":"error","timestamp":"2022-09-09T18:40:13.242Z"}
{"date":"Fri Sep 09 2022 21:40:42 GMT+0300 (שעון ישראל (קיץ))","process":{"pid":23416,"uid":null,"gid":null,"cwd":"C:\\Users\\elad1\\Desktop\\Cloud Services - Final Project","execPath":"C:\\Program Files\\nodejs\\node.exe","version":"v16.13.0","argv":["C:\\Program Files\\nodejs\\node.exe","C:\\Users\\elad1\\Desktop\\Cloud Services - Final Project\\app_ai.js"],"memoryUsage":{"rss":79826944,"heapTotal":47464448,"heapUsed":44708224,"external":19227866,"arrayBuffers":18303171}},"os":{"loadavg":[0,0,0],"uptime":3365},"trace":[{"column":38,"file":"C:\\Users\\elad1\\Desktop\\Cloud Services - Final Project\\node_modules\\mongodb\\lib\\sdam\\topology.js","function":"Timeout._onTimeout","line":293,"method":"_onTimeout","native":false},{"column":17,"file":"node:internal/timers","function":"listOnTimeout","line":557,"method":null,"native":false},{"column":7,"file":"node:internal/timers","function":"processTimers","line":500,"method":null,"native":false}],"stack":["MongoServerSelectionError: connect ECONNREFUSED 127.0.0.1:27017","    at Timeout._onTimeout (C:\\Users\\elad1\\Desktop\\Cloud Services - Final Project\\node_modules\\mongodb\\lib\\sdam\\topology.js:293:38)","    at listOnTimeout (node:internal/timers:557:17)","    at processTimers (node:internal/timers:500:7)"],"level":"error","message":"uncaughtException: connect ECONNREFUSED 127.0.0.1:27017","timestamp":"2022-09-09T18:40:42.730Z"}
{"code":401,"status":{"code":-1100,"message":"Unauthorized access"},"level":"error","message":"","timestamp":"2022-09-09T18:41:54.222Z"}
{"message":"dataset.createAndWait is not a function","stack":"TypeError: dataset.createAndWait is not a function\n    at C:\\Users\\elad1\\Desktop\\Cloud Services - Final Project\\app_ai.js:564:25\n    at Object.requestResponse (C:\\Users\\elad1\\Desktop\\Cloud Services - Final Project\\node_modules\\bigml\\lib\\utils.js:311:16)\n    at Request._callback (C:\\Users\\elad1\\Desktop\\Cloud Services - Final Project\\node_modules\\bigml\\lib\\Source.js:115:22)\n    at Request.self.callback (C:\\Users\\elad1\\Desktop\\Cloud Services - Final Project\\node_modules\\bigml\\node_modules\\request\\request.js:185:22)\n    at Request.emit (node:events:390:28)\n    at Request.<anonymous> (C:\\Users\\elad1\\Desktop\\Cloud Services - Final Project\\node_modules\\bigml\\node_modules\\request\\request.js:1154:10)\n    at Request.emit (node:events:390:28)\n    at IncomingMessage.<anonymous> (C:\\Users\\elad1\\Desktop\\Cloud Services - Final Project\\node_modules\\bigml\\node_modules\\request\\request.js:1076:12)\n    at Object.onceWrapper (node:events:509:28)\n    at IncomingMessage.emit (node:events:402:35)","level":"error","timestamp":"2022-09-09T18:42:26.876Z"}
{"code":401,"status":{"code":-1100,"message":"Unauthorized access"},"level":"error","message":"","timestamp":"2022-09-09T18:42:45.626Z"}
{"level":"error","message":"{\"status\":{\"code\":401,\"message\":\"Unauthorized access: undefined\"}}","timestamp":"2022-09-09T18:42:45.948Z"}
{"code":401,"status":{"code":-1100,"message":"Unauthorized access"},"level":"error","message":"","timestamp":"2022-09-09T18:44:07.020Z"}
{"level":"error","message":"{\"status\":{\"code\":401,\"message\":\"Unauthorized access: undefined\"}}","timestamp":"2022-09-09T18:44:07.329Z"}
{"code":401,"status":{"code":-1100,"message":"Unauthorized access"},"level":"error","message":"","timestamp":"2022-09-09T18:44:50.125Z"}
{"level":"error","message":"{\"status\":{\"code\":401,\"message\":\"Unauthorized access: undefined\"}}","timestamp":"2022-09-09T18:44:50.440Z"}
{"level":"error","message":"{\"status\":{\"code\":402,\"message\":\"You have reached the max number of parallel tasks: undefined\"}}","timestamp":"2022-09-09T18:45:45.243Z"}
{"code":401,"status":{"code":-1100,"message":"Unauthorized access"},"level":"error","message":"","timestamp":"2022-09-09T18:46:34.986Z"}
{"level":"error","message":"{\"status\":{\"code\":401,\"message\":\"Unauthorized access: undefined\"}}","timestamp":"2022-09-09T18:46:35.292Z"}
{"code":401,"status":{"code":-1100,"message":"Unauthorized access"},"level":"error","message":"","timestamp":"2022-09-09T18:49:43.614Z"}
{"level":"error","message":"{\"status\":{\"code\":401,\"message\":\"Unauthorized access: undefined\"}}","timestamp":"2022-09-09T18:49:43.929Z"}
{"code":401,"status":{"code":-1100,"message":"Unauthorized access"},"level":"error","message":"","timestamp":"2022-09-09T18:50:29.547Z"}
{"level":"error","message":"{\"status\":{\"code\":401,\"message\":\"Unauthorized access: undefined\"}}","timestamp":"2022-09-09T18:50:29.848Z"}
{"level":"error","message":"{\"status\":{\"code\":401,\"message\":\"Unauthorized access: undefined\"}}","timestamp":"2022-09-09T18:51:27.809Z"}
{"date":"Fri Sep 09 2022 21:51:57 GMT+0300 (שעון ישראל (קיץ))","process":{"pid":22836,"uid":null,"gid":null,"cwd":"C:\\Users\\elad1\\Desktop\\Cloud Services - Final Project","execPath":"C:\\Program Files\\nodejs\\node.exe","version":"v16.13.0","argv":["C:\\Program Files\\nodejs\\node.exe","C:\\Users\\elad1\\Desktop\\Cloud Services - Final Project\\app_ai.js"],"memoryUsage":{"rss":80510976,"heapTotal":48250880,"heapUsed":44681512,"external":19227865,"arrayBuffers":18303170}},"os":{"loadavg":[0,0,0],"uptime":4039},"trace":[{"column":38,"file":"C:\\Users\\elad1\\Desktop\\Cloud Services - Final Project\\node_modules\\mongodb\\lib\\sdam\\topology.js","function":"Timeout._onTimeout","line":293,"method":"_onTimeout","native":false},{"column":17,"file":"node:internal/timers","function":"listOnTimeout","line":557,"method":null,"native":false},{"column":7,"file":"node:internal/timers","function":"processTimers","line":500,"method":null,"native":false}],"stack":["MongoServerSelectionError: connect ECONNREFUSED 127.0.0.1:27017","    at Timeout._onTimeout (C:\\Users\\elad1\\Desktop\\Cloud Services - Final Project\\node_modules\\mongodb\\lib\\sdam\\topology.js:293:38)","    at listOnTimeout (node:internal/timers:557:17)","    at processTimers (node:internal/timers:500:7)"],"level":"error","message":"uncaughtException: connect ECONNREFUSED 127.0.0.1:27017","timestamp":"2022-09-09T18:51:57.129Z"}
{"code":401,"status":{"code":-1100,"message":"Unauthorized access"},"level":"error","message":"","timestamp":"2022-09-09T18:52:34.837Z"}
{"level":"error","message":"{\"status\":{\"code\":401,\"message\":\"Unauthorized access: undefined\"}}","timestamp":"2022-09-09T18:52:35.151Z"}
{"code":401,"status":{"code":-1100,"message":"Unauthorized access"},"level":"error","message":"","timestamp":"2022-09-09T18:55:00.527Z"}
{"level":"error","message":"{\"status\":{\"code\":401,\"message\":\"Unauthorized access: undefined\"}}","timestamp":"2022-09-09T18:55:00.849Z"}
{"level":"error","message":"{\"status\":{\"code\":401,\"message\":\"Unauthorized access: undefined\"}}","timestamp":"2022-09-09T18:56:07.841Z"}
{"code":401,"status":{"code":-1100,"message":"Unauthorized access"},"level":"error","message":"","timestamp":"2022-09-09T18:57:16.607Z"}
{"level":"error","message":"{\"status\":{\"code\":401,\"message\":\"Unauthorized access: undefined\"}}","timestamp":"2022-09-09T18:57:16.906Z"}
{"code":401,"status":{"code":-1100,"message":"Unauthorized access"},"level":"error","message":"","timestamp":"2022-09-09T18:58:02.736Z"}
{"level":"error","message":"{\"status\":{\"code\":401,\"message\":\"Unauthorized access: undefined\"}}","timestamp":"2022-09-09T18:58:03.036Z"}
{"date":"Fri Sep 09 2022 21:58:52 GMT+0300 (שעון ישראל (קיץ))","process":{"pid":22724,"uid":null,"gid":null,"cwd":"C:\\Users\\elad1\\Desktop\\Cloud Services - Final Project","execPath":"C:\\Program Files\\nodejs\\node.exe","version":"v16.13.0","argv":["C:\\Program Files\\nodejs\\node.exe","C:\\Users\\elad1\\Desktop\\Cloud Services - Final Project\\app_ai.js"],"memoryUsage":{"rss":77426688,"heapTotal":46940160,"heapUsed":44153464,"external":19226108,"arrayBuffers":18301413}},"os":{"loadavg":[0,0,0],"uptime":4454},"trace":[{"column":38,"file":"C:\\Users\\elad1\\Desktop\\Cloud Services - Final Project\\node_modules\\mongodb\\lib\\sdam\\topology.js","function":"Timeout._onTimeout","line":293,"method":"_onTimeout","native":false},{"column":17,"file":"node:internal/timers","function":"listOnTimeout","line":557,"method":null,"native":false},{"column":7,"file":"node:internal/timers","function":"processTimers","line":500,"method":null,"native":false}],"stack":["MongoServerSelectionError: connect ECONNREFUSED 127.0.0.1:27017","    at Timeout._onTimeout (C:\\Users\\elad1\\Desktop\\Cloud Services - Final Project\\node_modules\\mongodb\\lib\\sdam\\topology.js:293:38)","    at listOnTimeout (node:internal/timers:557:17)","    at processTimers (node:internal/timers:500:7)"],"level":"error","message":"uncaughtException: connect ECONNREFUSED 127.0.0.1:27017","timestamp":"2022-09-09T18:58:52.327Z"}
